2026-01-14 06:54:47,510 - INFO - Searching for files with extensions: .cs, .json
2026-01-14 06:54:47,642 - INFO - Found 393 files to process
2026-01-14 06:54:47,756 - INFO - Successfully processed: F:\Marketing\00_ImprovePromp.json
2026-01-14 06:54:47,756 - INFO - Successfully processed: F:\Marketing\01_TestPromp.json
2026-01-14 06:54:47,756 - INFO - Successfully processed: F:\Marketing\02_TestPromp.json
2026-01-14 06:54:47,756 - INFO - Successfully processed: F:\Marketing\03_TestPromp.json
2026-01-14 06:54:47,766 - INFO - Successfully processed: F:\Marketing\architecture_review_code.cs
2026-01-14 06:54:47,777 - INFO - Successfully processed: F:\Marketing\.vs\Marketing\v17\DocumentLayout.backup.json
2026-01-14 06:54:47,783 - INFO - Successfully processed: F:\Marketing\.vs\Marketing\v17\DocumentLayout.json
2026-01-14 06:54:47,790 - INFO - Successfully processed: F:\Marketing\.vs\Marketing\v17\ResourceExplorer\settings.json
2026-01-14 06:54:47,797 - INFO - Successfully processed: F:\Marketing\Application\bin\Debug\net8.0\Application.deps.json
2026-01-14 06:54:47,805 - INFO - Successfully processed: F:\Marketing\Application\bin\Release\net8.0\Application.deps.json
2026-01-14 06:54:47,819 - INFO - Successfully processed: F:\Marketing\Application\Common\Messages\ImageMessagePayload.cs
2026-01-14 06:54:47,830 - INFO - Successfully processed: F:\Marketing\Application\Common\Pagination\PagedResult.cs
2026-01-14 06:54:47,841 - INFO - Successfully processed: F:\Marketing\Application\Constants\Messages.cs
2026-01-14 06:54:47,848 - INFO - Successfully processed: F:\Marketing\Application\obj\Application.csproj.nuget.dgspec.json
2026-01-14 06:54:47,856 - INFO - Successfully processed: F:\Marketing\Application\obj\project.assets.json
2026-01-14 06:54:47,872 - INFO - Successfully processed: F:\Marketing\Application\obj\Debug\net8.0\.NETCoreApp,Version=v8.0.AssemblyAttributes.cs
2026-01-14 06:54:47,883 - INFO - Successfully processed: F:\Marketing\Application\obj\Debug\net8.0\Application.AssemblyInfo.cs
2026-01-14 06:54:47,888 - INFO - Successfully processed: F:\Marketing\Application\obj\Debug\net8.0\Application.GlobalUsings.g.cs
2026-01-14 06:54:47,897 - INFO - Successfully processed: F:\Marketing\Application\obj\Debug\net8.0\Application.sourcelink.json
2026-01-14 06:54:47,897 - INFO - Successfully processed: F:\Marketing\Application\obj\Release\net8.0\.NETCoreApp,Version=v8.0.AssemblyAttributes.cs
2026-01-14 06:54:47,905 - INFO - Successfully processed: F:\Marketing\Application\obj\Release\net8.0\Application.AssemblyInfo.cs
2026-01-14 06:54:47,905 - INFO - Successfully processed: F:\Marketing\Application\obj\Release\net8.0\Application.GlobalUsings.g.cs
2026-01-14 06:54:47,921 - INFO - Successfully processed: F:\Marketing\Application\obj\Release\net8.0\Application.sourcelink.json
2026-01-14 06:54:47,929 - INFO - Successfully processed: F:\Marketing\Application\Result\IErrorHandler.cs
2026-01-14 06:54:47,937 - INFO - Successfully processed: F:\Marketing\Application\Result\IErrorLogger.cs
2026-01-14 06:54:47,954 - INFO - Successfully processed: F:\Marketing\Application\Result\Operation.cs
2026-01-14 06:54:47,970 - INFO - Successfully processed: F:\Marketing\Application\Result\OperationStrategy.cs
2026-01-14 06:54:47,978 - INFO - Successfully processed: F:\Marketing\Application\Result\Result.cs
2026-01-14 06:54:47,995 - INFO - Successfully processed: F:\Marketing\Application\Result\EnumType\Extensions\EnumExtensions.cs
2026-01-14 06:54:48,003 - INFO - Successfully processed: F:\Marketing\Application\Result\EnumType\Extensions\EnumMetadata.cs
2026-01-14 06:54:48,019 - INFO - Successfully processed: F:\Marketing\Application\Result\Error\ErrorTypes.cs
2026-01-14 06:54:48,027 - INFO - Successfully processed: F:\Marketing\Application\Result\Exceptions\InvalidOperation.cs
2026-01-14 06:54:48,043 - INFO - Successfully processed: F:\Marketing\Application\UseCases\Repository\CRUD\ICreate.cs
2026-01-14 06:54:48,052 - INFO - Successfully processed: F:\Marketing\Application\UseCases\Repository\CRUD\IDelete.cs
2026-01-14 06:54:48,060 - INFO - Successfully processed: F:\Marketing\Application\UseCases\Repository\CRUD\IUpdate.cs
2026-01-14 06:54:48,078 - INFO - Successfully processed: F:\Marketing\Application\UseCases\Repository\CRUD\Query\IReadById.cs
2026-01-14 06:54:48,085 - INFO - Successfully processed: F:\Marketing\Application.WhatsApp\bin\Debug\net8.0\Application.WhatsApp.deps.json
2026-01-14 06:54:48,093 - INFO - Successfully processed: F:\Marketing\Application.WhatsApp\bin\Release\net8.0\Application.WhatsApp.deps.json
2026-01-14 06:54:48,101 - INFO - Successfully processed: F:\Marketing\Application.WhatsApp\obj\Application.WhatsApp.csproj.nuget.dgspec.json
2026-01-14 06:54:48,110 - INFO - Successfully processed: F:\Marketing\Application.WhatsApp\obj\project.assets.json
2026-01-14 06:54:48,110 - INFO - Successfully processed: F:\Marketing\Application.WhatsApp\obj\Debug\net8.0\.NETCoreApp,Version=v8.0.AssemblyAttributes.cs
2026-01-14 06:54:48,125 - INFO - Successfully processed: F:\Marketing\Application.WhatsApp\obj\Debug\net8.0\Application.WhatsApp.AssemblyInfo.cs
2026-01-14 06:54:48,126 - INFO - Successfully processed: F:\Marketing\Application.WhatsApp\obj\Debug\net8.0\Application.WhatsApp.GlobalUsings.g.cs
2026-01-14 06:54:48,126 - INFO - Successfully processed: F:\Marketing\Application.WhatsApp\obj\Debug\net8.0\Application.WhatsApp.sourcelink.json
2026-01-14 06:54:48,126 - INFO - Successfully processed: F:\Marketing\Application.WhatsApp\obj\Release\net8.0\.NETCoreApp,Version=v8.0.AssemblyAttributes.cs
2026-01-14 06:54:48,135 - INFO - Successfully processed: F:\Marketing\Application.WhatsApp\obj\Release\net8.0\Application.WhatsApp.AssemblyInfo.cs
2026-01-14 06:54:48,142 - INFO - Successfully processed: F:\Marketing\Application.WhatsApp\obj\Release\net8.0\Application.WhatsApp.GlobalUsings.g.cs
2026-01-14 06:54:48,142 - INFO - Successfully processed: F:\Marketing\Application.WhatsApp\obj\Release\net8.0\Application.WhatsApp.sourcelink.json
2026-01-14 06:54:48,150 - INFO - Successfully processed: F:\Marketing\Application.WhatsApp\UseCases\Repository\CRUD\ITrackedLinkCreate.cs
2026-01-14 06:54:48,160 - INFO - Successfully processed: F:\Marketing\Application.WhatsApp\UseCases\Repository\CRUD\ITrackedLinkRead.cs
2026-01-14 06:54:48,178 - INFO - Successfully processed: F:\Marketing\Application.WhatsApp\UseCases\Repository\CRUD\ITrackedLinkUpdate.cs
2026-01-14 06:54:48,192 - INFO - Successfully processed: F:\Marketing\Bootstrapper\AppHostBuilder.cs
2026-01-14 06:54:48,208 - INFO - Successfully processed: F:\Marketing\Bootstrapper\appsettings.json
2026-01-14 06:54:48,217 - INFO - Successfully processed: F:\Marketing\Bootstrapper\ExecutionMode.cs
2026-01-14 06:54:48,217 - INFO - Successfully processed: F:\Marketing\Bootstrapper\bin\Debug\net8.0\appsettings.json
2026-01-14 06:54:48,233 - INFO - Successfully processed: F:\Marketing\Bootstrapper\bin\Debug\net8.0\Bootstrapper.deps.json
2026-01-14 06:54:48,235 - INFO - Successfully processed: F:\Marketing\Bootstrapper\bin\Release\net8.0\appsettings.json
2026-01-14 06:54:48,242 - INFO - Successfully processed: F:\Marketing\Bootstrapper\bin\Release\net8.0\Bootstrapper.deps.json
2026-01-14 06:54:48,250 - INFO - Successfully processed: F:\Marketing\Bootstrapper\obj\Bootstrapper.csproj.nuget.dgspec.json
2026-01-14 06:54:48,258 - INFO - Successfully processed: F:\Marketing\Bootstrapper\obj\project.assets.json
2026-01-14 06:54:48,258 - INFO - Successfully processed: F:\Marketing\Bootstrapper\obj\Debug\net8.0\.NETCoreApp,Version=v8.0.AssemblyAttributes.cs
2026-01-14 06:54:48,275 - INFO - Successfully processed: F:\Marketing\Bootstrapper\obj\Debug\net8.0\Bootstrapper.AssemblyInfo.cs
2026-01-14 06:54:48,275 - INFO - Successfully processed: F:\Marketing\Bootstrapper\obj\Debug\net8.0\Bootstrapper.GlobalUsings.g.cs
2026-01-14 06:54:48,283 - INFO - Successfully processed: F:\Marketing\Bootstrapper\obj\Debug\net8.0\Bootstrapper.sourcelink.json
2026-01-14 06:54:48,283 - INFO - Successfully processed: F:\Marketing\Bootstrapper\obj\Release\net8.0\.NETCoreApp,Version=v8.0.AssemblyAttributes.cs
2026-01-14 06:54:48,291 - INFO - Successfully processed: F:\Marketing\Bootstrapper\obj\Release\net8.0\Bootstrapper.AssemblyInfo.cs
2026-01-14 06:54:48,299 - INFO - Successfully processed: F:\Marketing\Bootstrapper\obj\Release\net8.0\Bootstrapper.GlobalUsings.g.cs
2026-01-14 06:54:48,300 - INFO - Successfully processed: F:\Marketing\Bootstrapper\obj\Release\net8.0\Bootstrapper.sourcelink.json
2026-01-14 06:54:48,316 - INFO - Successfully processed: F:\Marketing\Commands\CommandArgs.cs
2026-01-14 06:54:48,331 - INFO - Successfully processed: F:\Marketing\Commands\CommandFactory.cs
2026-01-14 06:54:48,340 - INFO - Successfully processed: F:\Marketing\Commands\HelpCommand.cs
2026-01-14 06:54:48,348 - INFO - Successfully processed: F:\Marketing\Commands\ICommand.cs
2026-01-14 06:54:48,356 - INFO - Successfully processed: F:\Marketing\Commands\WhatsAppCommand.cs
2026-01-14 06:54:48,370 - INFO - Successfully processed: F:\Marketing\Commands\bin\Debug\net8.0\Commands.deps.json
2026-01-14 06:54:48,378 - INFO - Successfully processed: F:\Marketing\Commands\bin\Release\net8.0\Commands.deps.json
2026-01-14 06:54:48,390 - INFO - Successfully processed: F:\Marketing\Commands\obj\Commands.csproj.nuget.dgspec.json
2026-01-14 06:54:48,398 - INFO - Successfully processed: F:\Marketing\Commands\obj\project.assets.json
2026-01-14 06:54:48,398 - INFO - Successfully processed: F:\Marketing\Commands\obj\Debug\net8.0\.NETCoreApp,Version=v8.0.AssemblyAttributes.cs
2026-01-14 06:54:48,406 - INFO - Successfully processed: F:\Marketing\Commands\obj\Debug\net8.0\Commands.AssemblyInfo.cs
2026-01-14 06:54:48,406 - INFO - Successfully processed: F:\Marketing\Commands\obj\Debug\net8.0\Commands.GlobalUsings.g.cs
2026-01-14 06:54:48,406 - INFO - Successfully processed: F:\Marketing\Commands\obj\Debug\net8.0\Commands.sourcelink.json
2026-01-14 06:54:48,406 - INFO - Successfully processed: F:\Marketing\Commands\obj\Release\net8.0\.NETCoreApp,Version=v8.0.AssemblyAttributes.cs
2026-01-14 06:54:48,424 - INFO - Successfully processed: F:\Marketing\Commands\obj\Release\net8.0\Commands.AssemblyInfo.cs
2026-01-14 06:54:48,425 - INFO - Successfully processed: F:\Marketing\Commands\obj\Release\net8.0\Commands.GlobalUsings.g.cs
2026-01-14 06:54:48,425 - INFO - Successfully processed: F:\Marketing\Commands\obj\Release\net8.0\Commands.sourcelink.json
2026-01-14 06:54:48,433 - INFO - Successfully processed: F:\Marketing\Configuration\AppConfig.cs
2026-01-14 06:54:48,452 - INFO - Successfully processed: F:\Marketing\Configuration\ExecutionTracker.cs
2026-01-14 06:54:48,464 - INFO - Successfully processed: F:\Marketing\Configuration\MessageConfig.cs
2026-01-14 06:54:48,473 - INFO - Successfully processed: F:\Marketing\Configuration\PathsConfig.cs
2026-01-14 06:54:48,481 - INFO - Successfully processed: F:\Marketing\Configuration\SchedulerOptions.cs
2026-01-14 06:54:48,492 - INFO - Successfully processed: F:\Marketing\Configuration\WhatsAppConfig.cs
2026-01-14 06:54:48,497 - INFO - Successfully processed: F:\Marketing\Configuration\bin\Debug\net8.0\Configuration.deps.json
2026-01-14 06:54:48,506 - INFO - Successfully processed: F:\Marketing\Configuration\bin\Release\net8.0\Configuration.deps.json
2026-01-14 06:54:48,513 - INFO - Successfully processed: F:\Marketing\Configuration\obj\Configuration.csproj.nuget.dgspec.json
2026-01-14 06:54:48,523 - INFO - Successfully processed: F:\Marketing\Configuration\obj\project.assets.json
2026-01-14 06:54:48,523 - INFO - Successfully processed: F:\Marketing\Configuration\obj\Debug\net8.0\.NETCoreApp,Version=v8.0.AssemblyAttributes.cs
2026-01-14 06:54:48,539 - INFO - Successfully processed: F:\Marketing\Configuration\obj\Debug\net8.0\Configuration.AssemblyInfo.cs
2026-01-14 06:54:48,539 - INFO - Successfully processed: F:\Marketing\Configuration\obj\Debug\net8.0\Configuration.GlobalUsings.g.cs
2026-01-14 06:54:48,540 - INFO - Successfully processed: F:\Marketing\Configuration\obj\Debug\net8.0\Configuration.sourcelink.json
2026-01-14 06:54:48,540 - INFO - Successfully processed: F:\Marketing\Configuration\obj\Release\net8.0\.NETCoreApp,Version=v8.0.AssemblyAttributes.cs
2026-01-14 06:54:48,551 - INFO - Successfully processed: F:\Marketing\Configuration\obj\Release\net8.0\Configuration.AssemblyInfo.cs
2026-01-14 06:54:48,551 - INFO - Successfully processed: F:\Marketing\Configuration\obj\Release\net8.0\Configuration.GlobalUsings.g.cs
2026-01-14 06:54:48,555 - INFO - Successfully processed: F:\Marketing\Configuration\obj\Release\net8.0\Configuration.sourcelink.json
2026-01-14 06:54:48,572 - INFO - Successfully processed: F:\Marketing\Domain\Entity.cs
2026-01-14 06:54:48,579 - INFO - Successfully processed: F:\Marketing\Domain\ErrorLog.cs
2026-01-14 06:54:48,588 - INFO - Successfully processed: F:\Marketing\Domain\bin\Debug\net8.0\Domain.deps.json
2026-01-14 06:54:48,597 - INFO - Successfully processed: F:\Marketing\Domain\bin\Release\net8.0\Domain.deps.json
2026-01-14 06:54:48,604 - INFO - Successfully processed: F:\Marketing\Domain\Interfaces\Entity\IActivatable.cs
2026-01-14 06:54:48,620 - INFO - Successfully processed: F:\Marketing\Domain\Interfaces\Entity\IEntity.cs
2026-01-14 06:54:48,634 - INFO - Successfully processed: F:\Marketing\Domain\Interfaces\Entity\IIdentifiable.cs
2026-01-14 06:54:48,637 - INFO - Successfully processed: F:\Marketing\Domain\obj\Domain.csproj.nuget.dgspec.json
2026-01-14 06:54:48,645 - INFO - Successfully processed: F:\Marketing\Domain\obj\project.assets.json
2026-01-14 06:54:48,654 - INFO - Successfully processed: F:\Marketing\Domain\obj\Debug\net8.0\.NETCoreApp,Version=v8.0.AssemblyAttributes.cs
2026-01-14 06:54:48,661 - INFO - Successfully processed: F:\Marketing\Domain\obj\Debug\net8.0\Domain.AssemblyInfo.cs
2026-01-14 06:54:48,661 - INFO - Successfully processed: F:\Marketing\Domain\obj\Debug\net8.0\Domain.GlobalUsings.g.cs
2026-01-14 06:54:48,661 - INFO - Successfully processed: F:\Marketing\Domain\obj\Debug\net8.0\Domain.sourcelink.json
2026-01-14 06:54:48,661 - INFO - Successfully processed: F:\Marketing\Domain\obj\Release\net8.0\.NETCoreApp,Version=v8.0.AssemblyAttributes.cs
2026-01-14 06:54:48,678 - INFO - Successfully processed: F:\Marketing\Domain\obj\Release\net8.0\Domain.AssemblyInfo.cs
2026-01-14 06:54:48,679 - INFO - Successfully processed: F:\Marketing\Domain\obj\Release\net8.0\Domain.GlobalUsings.g.cs
2026-01-14 06:54:48,679 - INFO - Successfully processed: F:\Marketing\Domain\obj\Release\net8.0\Domain.sourcelink.json
2026-01-14 06:54:48,686 - INFO - Successfully processed: F:\Marketing\Domain.WhatsApp\AutoItRunnerResult.cs
2026-01-14 06:54:48,700 - INFO - Successfully processed: F:\Marketing\Domain.WhatsApp\ImageMessagePayload.cs
2026-01-14 06:54:48,707 - INFO - Successfully processed: F:\Marketing\Domain.WhatsApp\bin\Debug\net8.0\Domain.WhatsApp.deps.json
2026-01-14 06:54:48,710 - INFO - Successfully processed: F:\Marketing\Domain.WhatsApp\bin\Release\net8.0\Domain.WhatsApp.deps.json
2026-01-14 06:54:48,722 - INFO - Successfully processed: F:\Marketing\Domain.WhatsApp\obj\Domain.WhatsApp.csproj.nuget.dgspec.json
2026-01-14 06:54:48,726 - INFO - Successfully processed: F:\Marketing\Domain.WhatsApp\obj\project.assets.json
2026-01-14 06:54:48,726 - INFO - Successfully processed: F:\Marketing\Domain.WhatsApp\obj\Debug\net8.0\.NETCoreApp,Version=v8.0.AssemblyAttributes.cs
2026-01-14 06:54:48,743 - INFO - Successfully processed: F:\Marketing\Domain.WhatsApp\obj\Debug\net8.0\Domain.WhatsApp.AssemblyInfo.cs
2026-01-14 06:54:48,743 - INFO - Successfully processed: F:\Marketing\Domain.WhatsApp\obj\Debug\net8.0\Domain.WhatsApp.GlobalUsings.g.cs
2026-01-14 06:54:48,743 - INFO - Successfully processed: F:\Marketing\Domain.WhatsApp\obj\Debug\net8.0\Domain.WhatsApp.sourcelink.json
2026-01-14 06:54:48,743 - INFO - Successfully processed: F:\Marketing\Domain.WhatsApp\obj\Release\net8.0\.NETCoreApp,Version=v8.0.AssemblyAttributes.cs
2026-01-14 06:54:48,751 - INFO - Successfully processed: F:\Marketing\Domain.WhatsApp\obj\Release\net8.0\Domain.WhatsApp.AssemblyInfo.cs
2026-01-14 06:54:48,759 - INFO - Successfully processed: F:\Marketing\Domain.WhatsApp\obj\Release\net8.0\Domain.WhatsApp.GlobalUsings.g.cs
2026-01-14 06:54:48,759 - INFO - Successfully processed: F:\Marketing\Domain.WhatsApp\obj\Release\net8.0\Domain.WhatsApp.sourcelink.json
2026-01-14 06:54:48,767 - INFO - Successfully processed: F:\Marketing\Domain.WhatsApp\Redirect\TrackedLink.cs
2026-01-14 06:54:48,779 - INFO - Successfully processed: F:\Marketing\Infrastructure\bin\Debug\net8.0\Infrastructure.deps.json
2026-01-14 06:54:48,784 - INFO - Successfully processed: F:\Marketing\Infrastructure\bin\Release\net8.0\Infrastructure.deps.json
2026-01-14 06:54:48,792 - INFO - Successfully processed: F:\Marketing\Infrastructure\Constants\Message.cs
2026-01-14 06:54:48,803 - INFO - Successfully processed: F:\Marketing\Infrastructure\obj\Infrastructure.csproj.nuget.dgspec.json
2026-01-14 06:54:48,813 - INFO - Successfully processed: F:\Marketing\Infrastructure\obj\project.assets.json
2026-01-14 06:54:48,813 - INFO - Successfully processed: F:\Marketing\Infrastructure\obj\Debug\net8.0\.NETCoreApp,Version=v8.0.AssemblyAttributes.cs
2026-01-14 06:54:48,825 - INFO - Successfully processed: F:\Marketing\Infrastructure\obj\Debug\net8.0\Infrastructure.AssemblyInfo.cs
2026-01-14 06:54:48,827 - INFO - Successfully processed: F:\Marketing\Infrastructure\obj\Debug\net8.0\Infrastructure.GlobalUsings.g.cs
2026-01-14 06:54:48,827 - INFO - Successfully processed: F:\Marketing\Infrastructure\obj\Debug\net8.0\Infrastructure.sourcelink.json
2026-01-14 06:54:48,827 - INFO - Successfully processed: F:\Marketing\Infrastructure\obj\Release\net8.0\.NETCoreApp,Version=v8.0.AssemblyAttributes.cs
2026-01-14 06:54:48,840 - INFO - Successfully processed: F:\Marketing\Infrastructure\obj\Release\net8.0\Infrastructure.AssemblyInfo.cs
2026-01-14 06:54:48,843 - INFO - Successfully processed: F:\Marketing\Infrastructure\obj\Release\net8.0\Infrastructure.GlobalUsings.g.cs
2026-01-14 06:54:48,843 - INFO - Successfully processed: F:\Marketing\Infrastructure\obj\Release\net8.0\Infrastructure.sourcelink.json
2026-01-14 06:54:48,857 - INFO - Successfully processed: F:\Marketing\Infrastructure\Repositories\Abstract\CRUD\Create\CreateLabels.Designer.cs
2026-01-14 06:54:48,871 - INFO - Successfully processed: F:\Marketing\Infrastructure\Repositories\Abstract\CRUD\Create\CreateRepository.cs
2026-01-14 06:54:48,888 - INFO - Successfully processed: F:\Marketing\Infrastructure\Repositories\Abstract\CRUD\Delete\DeleteLabels.Designer.cs
2026-01-14 06:54:48,900 - INFO - Successfully processed: F:\Marketing\Infrastructure\Repositories\Abstract\CRUD\Delete\DeleteRepository.cs
2026-01-14 06:54:48,908 - INFO - Successfully processed: F:\Marketing\Infrastructure\Repositories\Abstract\CRUD\Query\Read\ReadRepository.cs
2026-01-14 06:54:48,925 - INFO - Successfully processed: F:\Marketing\Infrastructure\Repositories\Abstract\CRUD\Query\ReadId\ReadByIdRepository.cs
2026-01-14 06:54:48,941 - INFO - Successfully processed: F:\Marketing\Infrastructure\Repositories\Abstract\CRUD\Query\ReadId\ReadIdLabels.Designer.cs
2026-01-14 06:54:48,953 - INFO - Successfully processed: F:\Marketing\Infrastructure\Repositories\Abstract\CRUD\Update\UpdateLabels.Designer.cs
2026-01-14 06:54:48,966 - INFO - Successfully processed: F:\Marketing\Infrastructure\Repositories\Abstract\CRUD\Update\UpdateRepository.cs
2026-01-14 06:54:48,983 - INFO - Successfully processed: F:\Marketing\Infrastructure\Result\ErrorHandler.cs
2026-01-14 06:54:48,991 - INFO - Successfully processed: F:\Marketing\Infrastructure\Result\SerilogErrorLogger.cs
2026-01-14 06:54:49,008 - INFO - Successfully processed: F:\Marketing\Infrastructure\Utilities\GuidValidator.cs
2026-01-14 06:54:49,016 - INFO - Successfully processed: F:\Marketing\Infrastructure.WhatsApp\bin\Debug\net8.0\Infrastructure.WhatsApp.deps.json
2026-01-14 06:54:49,024 - INFO - Successfully processed: F:\Marketing\Infrastructure.WhatsApp\bin\Release\net8.0\Infrastructure.WhatsApp.deps.json
2026-01-14 06:54:49,032 - INFO - Successfully processed: F:\Marketing\Infrastructure.WhatsApp\obj\Infrastructure.WhatsApp.csproj.nuget.dgspec.json
2026-01-14 06:54:49,040 - INFO - Successfully processed: F:\Marketing\Infrastructure.WhatsApp\obj\project.assets.json
2026-01-14 06:54:49,040 - INFO - Successfully processed: F:\Marketing\Infrastructure.WhatsApp\obj\Debug\net8.0\.NETCoreApp,Version=v8.0.AssemblyAttributes.cs
2026-01-14 06:54:49,057 - INFO - Successfully processed: F:\Marketing\Infrastructure.WhatsApp\obj\Debug\net8.0\Infrastructure.WhatsApp.AssemblyInfo.cs
2026-01-14 06:54:49,057 - INFO - Successfully processed: F:\Marketing\Infrastructure.WhatsApp\obj\Debug\net8.0\Infrastructure.WhatsApp.GlobalUsings.g.cs
2026-01-14 06:54:49,057 - INFO - Successfully processed: F:\Marketing\Infrastructure.WhatsApp\obj\Debug\net8.0\Infrastructure.WhatsApp.sourcelink.json
2026-01-14 06:54:49,057 - INFO - Successfully processed: F:\Marketing\Infrastructure.WhatsApp\obj\Release\net8.0\.NETCoreApp,Version=v8.0.AssemblyAttributes.cs
2026-01-14 06:54:49,073 - INFO - Successfully processed: F:\Marketing\Infrastructure.WhatsApp\obj\Release\net8.0\Infrastructure.WhatsApp.AssemblyInfo.cs
2026-01-14 06:54:49,073 - INFO - Successfully processed: F:\Marketing\Infrastructure.WhatsApp\obj\Release\net8.0\Infrastructure.WhatsApp.GlobalUsings.g.cs
2026-01-14 06:54:49,073 - INFO - Successfully processed: F:\Marketing\Infrastructure.WhatsApp\obj\Release\net8.0\Infrastructure.WhatsApp.sourcelink.json
2026-01-14 06:54:49,082 - INFO - Successfully processed: F:\Marketing\Infrastructure.WhatsApp\Repositories\CRUD\TrackedLinkCreate.cs
2026-01-14 06:54:49,099 - INFO - Successfully processed: F:\Marketing\Infrastructure.WhatsApp\Repositories\CRUD\TrackedLinkRead.cs
2026-01-14 06:54:49,115 - INFO - Successfully processed: F:\Marketing\Infrastructure.WhatsApp\Repositories\CRUD\TrackedLinkUpdate.cs
2026-01-14 06:54:49,133 - INFO - Successfully processed: F:\Marketing\Marketing.Services.Test\AutoItRunnerTests.cs
2026-01-14 06:54:49,156 - INFO - Successfully processed: F:\Marketing\Marketing.Services.Test\CaptureSnapshotTests.cs
2026-01-14 06:54:49,173 - INFO - Successfully processed: F:\Marketing\Marketing.Services.Test\TestPrompt.json
2026-01-14 06:54:49,183 - INFO - Successfully processed: F:\Marketing\Marketing.Services.Test\bin\Debug\net8.0\Marketing.Services.Test.deps.json
2026-01-14 06:54:49,189 - INFO - Successfully processed: F:\Marketing\Marketing.Services.Test\bin\Debug\net8.0\Marketing.Services.Test.runtimeconfig.json
2026-01-14 06:54:49,197 - INFO - Successfully processed: F:\Marketing\Marketing.Services.Test\obj\Marketing.Services.Test.csproj.nuget.dgspec.json
2026-01-14 06:54:49,205 - INFO - Successfully processed: F:\Marketing\Marketing.Services.Test\obj\project.assets.json
2026-01-14 06:54:49,205 - INFO - Successfully processed: F:\Marketing\Marketing.Services.Test\obj\Debug\net8.0\.NETCoreApp,Version=v8.0.AssemblyAttributes.cs
2026-01-14 06:54:49,221 - INFO - Successfully processed: F:\Marketing\Marketing.Services.Test\obj\Debug\net8.0\Marketing.Services.Test.AssemblyInfo.cs
2026-01-14 06:54:49,229 - INFO - Successfully processed: F:\Marketing\Marketing.Services.Test\obj\Debug\net8.0\Marketing.Services.Test.GlobalUsings.g.cs
2026-01-14 06:54:49,229 - INFO - Successfully processed: F:\Marketing\Marketing.Services.Test\obj\Debug\net8.0\Marketing.Services.Test.sourcelink.json
2026-01-14 06:54:49,229 - INFO - Successfully processed: F:\Marketing\Marketing.Services.Test\obj\Release\net8.0\.NETCoreApp,Version=v8.0.AssemblyAttributes.cs
2026-01-14 06:54:49,246 - INFO - Successfully processed: F:\Marketing\Marketing.Services.Test\obj\Release\net8.0\Marketing.Services.Test.AssemblyInfo.cs
2026-01-14 06:54:49,246 - INFO - Successfully processed: F:\Marketing\Marketing.Services.Test\obj\Release\net8.0\Marketing.Services.Test.GlobalUsings.g.cs
2026-01-14 06:54:49,262 - INFO - Successfully processed: F:\Marketing\Marketing.Tests\ErrorHandlerTests.cs
2026-01-14 06:54:49,279 - INFO - Successfully processed: F:\Marketing\Marketing.Tests\GuidValidatorTests.cs
2026-01-14 06:54:49,295 - INFO - Successfully processed: F:\Marketing\Marketing.Tests\OperationTests.cs
2026-01-14 06:54:49,303 - INFO - Successfully processed: F:\Marketing\Marketing.Tests\PagingTests.cs
2026-01-14 06:54:49,317 - INFO - Successfully processed: F:\Marketing\Marketing.Tests\SanityTests.cs
2026-01-14 06:54:49,320 - INFO - Successfully processed: F:\Marketing\Marketing.Tests\bin\Debug\net9.0\Marketing.Tests.deps.json
2026-01-14 06:54:49,332 - INFO - Successfully processed: F:\Marketing\Marketing.Tests\bin\Debug\net9.0\Marketing.Tests.runtimeconfig.json
2026-01-14 06:54:49,345 - INFO - Successfully processed: F:\Marketing\Marketing.Tests\Integration\ReadRepositoryTests.cs
2026-01-14 06:54:49,361 - INFO - Successfully processed: F:\Marketing\Marketing.Tests\Integration\TestDataContext.cs
2026-01-14 06:54:49,369 - INFO - Successfully processed: F:\Marketing\Marketing.Tests\Integration\TestDbContextFactory.cs
2026-01-14 06:54:49,386 - INFO - Successfully processed: F:\Marketing\Marketing.Tests\Integration\Db\TestColumnTypes.cs
2026-01-14 06:54:49,402 - INFO - Successfully processed: F:\Marketing\Marketing.Tests\Integration\TestEntities\TestEntity.cs
2026-01-14 06:54:49,410 - INFO - Successfully processed: F:\Marketing\Marketing.Tests\obj\Marketing.Tests.csproj.nuget.dgspec.json
2026-01-14 06:54:49,419 - INFO - Successfully processed: F:\Marketing\Marketing.Tests\obj\project.assets.json
2026-01-14 06:54:49,427 - INFO - Successfully processed: F:\Marketing\Marketing.Tests\obj\Debug\net9.0\.NETCoreApp,Version=v9.0.AssemblyAttributes.cs
2026-01-14 06:54:49,435 - INFO - Successfully processed: F:\Marketing\Marketing.Tests\obj\Debug\net9.0\Marketing.Tests.AssemblyInfo.cs
2026-01-14 06:54:49,444 - INFO - Successfully processed: F:\Marketing\Marketing.Tests\obj\Debug\net9.0\Marketing.Tests.GlobalUsings.g.cs
2026-01-14 06:54:49,451 - INFO - Successfully processed: F:\Marketing\Marketing.Tests\obj\Debug\net9.0\Marketing.Tests.sourcelink.json
2026-01-14 06:54:49,452 - INFO - Successfully processed: F:\Marketing\Marketing.Tests\obj\Release\net9.0\.NETCoreApp,Version=v9.0.AssemblyAttributes.cs
2026-01-14 06:54:49,458 - INFO - Successfully processed: F:\Marketing\Marketing.Tests\obj\Release\net9.0\Marketing.Tests.AssemblyInfo.cs
2026-01-14 06:54:49,458 - INFO - Successfully processed: F:\Marketing\Marketing.Tests\obj\Release\net9.0\Marketing.Tests.GlobalUsings.g.cs
2026-01-14 06:54:49,470 - INFO - Successfully processed: F:\Marketing\Persistence\bin\Debug\net8.0\Persistence.deps.json
2026-01-14 06:54:49,480 - INFO - Successfully processed: F:\Marketing\Persistence\bin\Release\net8.0\Persistence.deps.json
2026-01-14 06:54:49,492 - INFO - Successfully processed: F:\Marketing\Persistence\Context\Implementation\DataContext.cs
2026-01-14 06:54:49,508 - INFO - Successfully processed: F:\Marketing\Persistence\Context\Implementation\ErrorLogTable.cs
2026-01-14 06:54:49,519 - INFO - Successfully processed: F:\Marketing\Persistence\Context\Implementation\TrackedLinkTable.cs
2026-01-14 06:54:49,526 - INFO - Successfully processed: F:\Marketing\Persistence\Context\Implementation\UnitOfWork.cs
2026-01-14 06:54:49,542 - INFO - Successfully processed: F:\Marketing\Persistence\Context\Implementation\Migrations\20260112035756_InitialCreate.cs
2026-01-14 06:54:49,560 - INFO - Successfully processed: F:\Marketing\Persistence\Context\Implementation\Migrations\20260112035756_InitialCreate.Designer.cs
2026-01-14 06:54:49,570 - INFO - Successfully processed: F:\Marketing\Persistence\Context\Implementation\Migrations\DataContextModelSnapshot.cs
2026-01-14 06:54:49,584 - INFO - Successfully processed: F:\Marketing\Persistence\Context\Interceptors\SqliteFunctionInterceptor.cs
2026-01-14 06:54:49,592 - INFO - Successfully processed: F:\Marketing\Persistence\Context\Interface\IDataContext.cs
2026-01-14 06:54:49,608 - INFO - Successfully processed: F:\Marketing\Persistence\Context\Interface\IUnitOfWork.cs
2026-01-14 06:54:49,621 - INFO - Successfully processed: F:\Marketing\Persistence\CreateStruture\Constants\Database.cs
2026-01-14 06:54:49,636 - INFO - Successfully processed: F:\Marketing\Persistence\CreateStruture\Constants\ColumnType\IColumnTypes.cs
2026-01-14 06:54:49,649 - INFO - Successfully processed: F:\Marketing\Persistence\CreateStruture\Constants\ColumnType\Database\SQLite.cs
2026-01-14 06:54:49,658 - INFO - Successfully processed: F:\Marketing\Persistence\obj\Persistence.csproj.nuget.dgspec.json
2026-01-14 06:54:49,666 - INFO - Successfully processed: F:\Marketing\Persistence\obj\project.assets.json
2026-01-14 06:54:49,666 - INFO - Successfully processed: F:\Marketing\Persistence\obj\Debug\net8.0\.NETCoreApp,Version=v8.0.AssemblyAttributes.cs
2026-01-14 06:54:49,674 - INFO - Successfully processed: F:\Marketing\Persistence\obj\Debug\net8.0\Persistence.AssemblyInfo.cs
2026-01-14 06:54:49,681 - INFO - Successfully processed: F:\Marketing\Persistence\obj\Debug\net8.0\Persistence.GlobalUsings.g.cs
2026-01-14 06:54:49,682 - INFO - Successfully processed: F:\Marketing\Persistence\obj\Debug\net8.0\Persistence.sourcelink.json
2026-01-14 06:54:49,682 - INFO - Successfully processed: F:\Marketing\Persistence\obj\Release\net8.0\.NETCoreApp,Version=v8.0.AssemblyAttributes.cs
2026-01-14 06:54:49,691 - INFO - Successfully processed: F:\Marketing\Persistence\obj\Release\net8.0\Persistence.AssemblyInfo.cs
2026-01-14 06:54:49,691 - INFO - Successfully processed: F:\Marketing\Persistence\obj\Release\net8.0\Persistence.GlobalUsings.g.cs
2026-01-14 06:54:49,691 - INFO - Successfully processed: F:\Marketing\Persistence\obj\Release\net8.0\Persistence.sourcelink.json
2026-01-14 06:54:49,707 - INFO - Successfully processed: F:\Marketing\Persistence\Repositories\EntityChecker.cs
2026-01-14 06:54:49,723 - INFO - Successfully processed: F:\Marketing\Persistence\Repositories\Read.cs
2026-01-14 06:54:49,731 - INFO - Successfully processed: F:\Marketing\Persistence\Repositories\Repository.cs
2026-01-14 06:54:49,740 - INFO - Successfully processed: F:\Marketing\Persistence\Repositories\RepositoryCreate.cs
2026-01-14 06:54:49,756 - INFO - Successfully processed: F:\Marketing\Persistence\Repositories\RepositoryDelete.cs
2026-01-14 06:54:49,764 - INFO - Successfully processed: F:\Marketing\Persistence\Repositories\RepositoryUpdate.cs
2026-01-14 06:54:49,782 - INFO - Successfully processed: F:\Marketing\Services\AutoItRunnerResult.cs
2026-01-14 06:54:49,798 - INFO - Successfully processed: F:\Marketing\Services\CaptureSnapshot.cs
2026-01-14 06:54:49,807 - INFO - Successfully processed: F:\Marketing\Services\ChromeDriverFactory.cs
2026-01-14 06:54:49,823 - INFO - Successfully processed: F:\Marketing\Services\DirectoryCheck.cs
2026-01-14 06:54:49,831 - INFO - Successfully processed: F:\Marketing\Services\SecurityCheck.cs
2026-01-14 06:54:49,850 - INFO - Successfully processed: F:\Marketing\Services\WebDriverLifetimeService.cs
2026-01-14 06:54:49,855 - INFO - Successfully processed: F:\Marketing\Services\bin\Debug\net8.0\Services.deps.json
2026-01-14 06:54:49,865 - INFO - Successfully processed: F:\Marketing\Services\bin\Release\net8.0\Services.deps.json
2026-01-14 06:54:49,873 - INFO - Successfully processed: F:\Marketing\Services\Interfaces\IAutoItRunner.cs
2026-01-14 06:54:49,886 - INFO - Successfully processed: F:\Marketing\Services\Interfaces\ICaptureSnapshot.cs
2026-01-14 06:54:49,890 - INFO - Successfully processed: F:\Marketing\Services\Interfaces\IDirectoryCheck.cs
2026-01-14 06:54:49,900 - INFO - Successfully processed: F:\Marketing\Services\Interfaces\ISecurityCheck.cs
2026-01-14 06:54:49,916 - INFO - Successfully processed: F:\Marketing\Services\Interfaces\IWebDriverFactory.cs
2026-01-14 06:54:49,923 - INFO - Successfully processed: F:\Marketing\Services\obj\project.assets.json
2026-01-14 06:54:49,937 - INFO - Successfully processed: F:\Marketing\Services\obj\Services.csproj.nuget.dgspec.json
2026-01-14 06:54:49,939 - INFO - Successfully processed: F:\Marketing\Services\obj\Debug\net8.0\.NETCoreApp,Version=v8.0.AssemblyAttributes.cs
2026-01-14 06:54:49,949 - INFO - Successfully processed: F:\Marketing\Services\obj\Debug\net8.0\Services.AssemblyInfo.cs
2026-01-14 06:54:49,949 - INFO - Successfully processed: F:\Marketing\Services\obj\Debug\net8.0\Services.GlobalUsings.g.cs
2026-01-14 06:54:49,949 - INFO - Successfully processed: F:\Marketing\Services\obj\Debug\net8.0\Services.sourcelink.json
2026-01-14 06:54:49,949 - INFO - Successfully processed: F:\Marketing\Services\obj\Release\net8.0\.NETCoreApp,Version=v8.0.AssemblyAttributes.cs
2026-01-14 06:54:49,955 - INFO - Successfully processed: F:\Marketing\Services\obj\Release\net8.0\Services.AssemblyInfo.cs
2026-01-14 06:54:49,963 - INFO - Successfully processed: F:\Marketing\Services\obj\Release\net8.0\Services.GlobalUsings.g.cs
2026-01-14 06:54:49,963 - INFO - Successfully processed: F:\Marketing\Services\obj\Release\net8.0\Services.sourcelink.json
2026-01-14 06:54:49,974 - INFO - Successfully processed: F:\Marketing\Services.WhatsApp\Abstractions\Login\ILoginService.cs
2026-01-14 06:54:49,981 - INFO - Successfully processed: F:\Marketing\Services.WhatsApp\Abstractions\Login\ILoginStateChecker.cs
2026-01-14 06:54:49,988 - INFO - Successfully processed: F:\Marketing\Services.WhatsApp\Abstractions\Login\IMessage.cs
2026-01-14 06:54:50,000 - INFO - Successfully processed: F:\Marketing\Services.WhatsApp\Abstractions\OpenChat\IChatService.cs
2026-01-14 06:54:50,011 - INFO - Successfully processed: F:\Marketing\Services.WhatsApp\Abstractions\OpenChat\IClicker.cs
2026-01-14 06:54:50,023 - INFO - Successfully processed: F:\Marketing\Services.WhatsApp\Abstractions\OpenChat\IOpenChat.cs
2026-01-14 06:54:50,029 - INFO - Successfully processed: F:\Marketing\Services.WhatsApp\Abstractions\Search\IAttachments.cs
2026-01-14 06:54:50,038 - INFO - Successfully processed: F:\Marketing\Services.WhatsApp\Abstractions\Search\ISearchBoxTyper.cs
2026-01-14 06:54:50,051 - INFO - Successfully processed: F:\Marketing\Services.WhatsApp\Abstractions\Selector\ISelectors.cs
2026-01-14 06:54:50,059 - INFO - Successfully processed: F:\Marketing\Services.WhatsApp\Abstractions\Selenium\IWebDriverFacade.cs
2026-01-14 06:54:50,070 - INFO - Successfully processed: F:\Marketing\Services.WhatsApp\Abstractions\XPath\IChatXPathBuilder.cs
2026-01-14 06:54:50,077 - INFO - Successfully processed: F:\Marketing\Services.WhatsApp\Abstractions\XPath\IXPathLiteralEscaper.cs
2026-01-14 06:54:50,087 - INFO - Successfully processed: F:\Marketing\Services.WhatsApp\bin\Debug\net8.0\Services.WhatsApp.deps.json
2026-01-14 06:54:50,088 - INFO - Successfully processed: F:\Marketing\Services.WhatsApp\bin\Release\net8.0\Services.WhatsApp.deps.json
2026-01-14 06:54:50,104 - INFO - Successfully processed: F:\Marketing\Services.WhatsApp\Login\LoginService.cs
2026-01-14 06:54:50,121 - INFO - Successfully processed: F:\Marketing\Services.WhatsApp\Login\LoginStateChecker.cs
2026-01-14 06:54:50,137 - INFO - Successfully processed: F:\Marketing\Services.WhatsApp\Login\Message.cs
2026-01-14 06:54:50,146 - INFO - Successfully processed: F:\Marketing\Services.WhatsApp\obj\project.assets.json
2026-01-14 06:54:50,154 - INFO - Successfully processed: F:\Marketing\Services.WhatsApp\obj\Services.WhatsApp.csproj.nuget.dgspec.json
2026-01-14 06:54:50,154 - INFO - Successfully processed: F:\Marketing\Services.WhatsApp\obj\Debug\net8.0\.NETCoreApp,Version=v8.0.AssemblyAttributes.cs
2026-01-14 06:54:50,164 - INFO - Successfully processed: F:\Marketing\Services.WhatsApp\obj\Debug\net8.0\Services.WhatsApp.AssemblyInfo.cs
2026-01-14 06:54:50,170 - INFO - Successfully processed: F:\Marketing\Services.WhatsApp\obj\Debug\net8.0\Services.WhatsApp.GlobalUsings.g.cs
2026-01-14 06:54:50,171 - INFO - Successfully processed: F:\Marketing\Services.WhatsApp\obj\Debug\net8.0\Services.WhatsApp.sourcelink.json
2026-01-14 06:54:50,171 - INFO - Successfully processed: F:\Marketing\Services.WhatsApp\obj\Release\net8.0\.NETCoreApp,Version=v8.0.AssemblyAttributes.cs
2026-01-14 06:54:50,182 - INFO - Successfully processed: F:\Marketing\Services.WhatsApp\obj\Release\net8.0\Services.WhatsApp.AssemblyInfo.cs
2026-01-14 06:54:50,182 - INFO - Successfully processed: F:\Marketing\Services.WhatsApp\obj\Release\net8.0\Services.WhatsApp.GlobalUsings.g.cs
2026-01-14 06:54:50,182 - INFO - Successfully processed: F:\Marketing\Services.WhatsApp\obj\Release\net8.0\Services.WhatsApp.sourcelink.json
2026-01-14 06:54:50,204 - INFO - Successfully processed: F:\Marketing\Services.WhatsApp\OpenChat\ChatClicker.cs
2026-01-14 06:54:50,220 - INFO - Successfully processed: F:\Marketing\Services.WhatsApp\OpenChat\ChatService.cs
2026-01-14 06:54:50,239 - INFO - Successfully processed: F:\Marketing\Services.WhatsApp\OpenChat\OpenChat.cs
2026-01-14 06:54:50,261 - INFO - Successfully processed: F:\Marketing\Services.WhatsApp\Search\SearchBoxTyper.cs
2026-01-14 06:54:50,280 - INFO - Successfully processed: F:\Marketing\Services.WhatsApp\Selector\Attachments.cs
2026-01-14 06:54:50,288 - INFO - Successfully processed: F:\Marketing\Services.WhatsApp\Selector\Selectors.cs
2026-01-14 06:54:50,296 - INFO - Successfully processed: F:\Marketing\Services.WhatsApp\Selenium\WebDriverFacade.cs
2026-01-14 06:54:50,320 - INFO - Successfully processed: F:\Marketing\Services.WhatsApp\WhatsApp\ScheduledMessenger.cs
2026-01-14 06:54:50,330 - INFO - Successfully processed: F:\Marketing\Services.WhatsApp\XPath\ChatXPathBuilder.cs
2026-01-14 06:54:50,351 - INFO - Successfully processed: F:\Marketing\Services.WhatsApp\XPath\XPathLiteralEscaper.cs
2026-01-14 06:54:50,354 - INFO - Successfully processed: F:\Marketing\Tools\appsettings.Development.json
2026-01-14 06:54:50,367 - INFO - Successfully processed: F:\Marketing\Tools\appsettings.json
2026-01-14 06:54:50,371 - INFO - Successfully processed: F:\Marketing\Tools\ErrorMappings.json
2026-01-14 06:54:50,391 - INFO - Successfully processed: F:\Marketing\Tools\Program.cs
2026-01-14 06:54:50,398 - INFO - Successfully processed: F:\Marketing\Tools\WeatherForecast.cs
2026-01-14 06:54:50,407 - INFO - Successfully processed: F:\Marketing\Tools\.config\dotnet-tools.json
2026-01-14 06:54:50,407 - INFO - Successfully processed: F:\Marketing\Tools\bin\Debug\net8.0\appsettings.Development.json
2026-01-14 06:54:50,411 - INFO - Successfully processed: F:\Marketing\Tools\bin\Debug\net8.0\appsettings.json
2026-01-14 06:54:50,412 - INFO - Successfully processed: F:\Marketing\Tools\bin\Debug\net8.0\ErrorMappings.json
2026-01-14 06:54:50,428 - INFO - Successfully processed: F:\Marketing\Tools\bin\Debug\net8.0\Tools.deps.json
2026-01-14 06:54:50,436 - INFO - Successfully processed: F:\Marketing\Tools\bin\Debug\net8.0\Tools.runtimeconfig.json
2026-01-14 06:54:50,446 - INFO - Successfully processed: F:\Marketing\Tools\bin\Debug\net8.0\Tools.staticwebassets.endpoints.json
2026-01-14 06:54:50,446 - INFO - Successfully processed: F:\Marketing\Tools\bin\Release\net8.0\appsettings.Development.json
2026-01-14 06:54:50,446 - INFO - Successfully processed: F:\Marketing\Tools\bin\Release\net8.0\appsettings.json
2026-01-14 06:54:50,453 - INFO - Successfully processed: F:\Marketing\Tools\bin\Release\net8.0\ErrorMappings.json
2026-01-14 06:54:50,461 - INFO - Successfully processed: F:\Marketing\Tools\bin\Release\net8.0\Tools.deps.json
2026-01-14 06:54:50,477 - INFO - Successfully processed: F:\Marketing\Tools\bin\Release\net8.0\Tools.runtimeconfig.json
2026-01-14 06:54:50,477 - INFO - Successfully processed: F:\Marketing\Tools\bin\Release\net8.0\Tools.staticwebassets.endpoints.json
2026-01-14 06:54:50,489 - INFO - Successfully processed: F:\Marketing\Tools\Controllers\WeatherForecastController.cs
2026-01-14 06:54:50,501 - INFO - Successfully processed: F:\Marketing\Tools\Controllers\api\v1\Redirect\TrackedLinkController.cs
2026-01-14 06:54:50,528 - INFO - Successfully processed: F:\Marketing\Tools\obj\project.assets.json
2026-01-14 06:54:50,540 - INFO - Successfully processed: F:\Marketing\Tools\obj\Tools.csproj.nuget.dgspec.json
2026-01-14 06:54:50,540 - INFO - Successfully processed: F:\Marketing\Tools\obj\Debug\net8.0\.NETCoreApp,Version=v8.0.AssemblyAttributes.cs
2026-01-14 06:54:50,551 - INFO - Successfully processed: F:\Marketing\Tools\obj\Debug\net8.0\ApiEndpoints.json
2026-01-14 06:54:50,553 - INFO - Successfully processed: F:\Marketing\Tools\obj\Debug\net8.0\rjsmcshtml.dswa.cache.json
2026-01-14 06:54:50,560 - INFO - Successfully processed: F:\Marketing\Tools\obj\Debug\net8.0\rjsmrazor.dswa.cache.json
2026-01-14 06:54:50,569 - INFO - Successfully processed: F:\Marketing\Tools\obj\Debug\net8.0\rpswa.dswa.cache.json
2026-01-14 06:54:50,569 - INFO - Successfully processed: F:\Marketing\Tools\obj\Debug\net8.0\staticwebassets.build.endpoints.json
2026-01-14 06:54:50,578 - INFO - Successfully processed: F:\Marketing\Tools\obj\Debug\net8.0\staticwebassets.build.json
2026-01-14 06:54:50,586 - INFO - Successfully processed: F:\Marketing\Tools\obj\Debug\net8.0\Tools.AssemblyInfo.cs
2026-01-14 06:54:50,594 - INFO - Successfully processed: F:\Marketing\Tools\obj\Debug\net8.0\Tools.GlobalUsings.g.cs
2026-01-14 06:54:50,610 - INFO - Successfully processed: F:\Marketing\Tools\obj\Debug\net8.0\Tools.MvcApplicationPartsAssemblyInfo.cs
2026-01-14 06:54:50,611 - INFO - Successfully processed: F:\Marketing\Tools\obj\Debug\net8.0\Tools.sourcelink.json
2026-01-14 06:54:50,618 - INFO - Successfully processed: F:\Marketing\Tools\obj\Debug\net8.0\EndpointInfo\Tools.json
2026-01-14 06:54:50,618 - INFO - Successfully processed: F:\Marketing\Tools\obj\Release\net8.0\.NETCoreApp,Version=v8.0.AssemblyAttributes.cs
2026-01-14 06:54:50,627 - INFO - Successfully processed: F:\Marketing\Tools\obj\Release\net8.0\rjsmcshtml.dswa.cache.json
2026-01-14 06:54:50,636 - INFO - Successfully processed: F:\Marketing\Tools\obj\Release\net8.0\rjsmrazor.dswa.cache.json
2026-01-14 06:54:50,636 - INFO - Successfully processed: F:\Marketing\Tools\obj\Release\net8.0\rpswa.dswa.cache.json
2026-01-14 06:54:50,636 - INFO - Successfully processed: F:\Marketing\Tools\obj\Release\net8.0\staticwebassets.build.endpoints.json
2026-01-14 06:54:50,636 - INFO - Successfully processed: F:\Marketing\Tools\obj\Release\net8.0\staticwebassets.build.json
2026-01-14 06:54:50,644 - INFO - Successfully processed: F:\Marketing\Tools\obj\Release\net8.0\staticwebassets.publish.endpoints.json
2026-01-14 06:54:50,652 - INFO - Successfully processed: F:\Marketing\Tools\obj\Release\net8.0\staticwebassets.publish.json
2026-01-14 06:54:50,661 - INFO - Successfully processed: F:\Marketing\Tools\obj\Release\net8.0\Tools.AssemblyInfo.cs
2026-01-14 06:54:50,661 - INFO - Successfully processed: F:\Marketing\Tools\obj\Release\net8.0\Tools.GlobalUsings.g.cs
2026-01-14 06:54:50,661 - INFO - Successfully processed: F:\Marketing\Tools\obj\Release\net8.0\Tools.MvcApplicationPartsAssemblyInfo.cs
2026-01-14 06:54:50,661 - INFO - Successfully processed: F:\Marketing\Tools\obj\Release\net8.0\Tools.sourcelink.json
2026-01-14 06:54:50,661 - INFO - Successfully processed: F:\Marketing\Tools\obj\Release\net8.0\PubTmp\Out\appsettings.Development.json
2026-01-14 06:54:50,668 - INFO - Successfully processed: F:\Marketing\Tools\obj\Release\net8.0\PubTmp\Out\appsettings.json
2026-01-14 06:54:50,669 - INFO - Successfully processed: F:\Marketing\Tools\obj\Release\net8.0\PubTmp\Out\ErrorMappings.json
2026-01-14 06:54:50,677 - INFO - Successfully processed: F:\Marketing\Tools\obj\Release\net8.0\PubTmp\Out\Tools.deps.json
2026-01-14 06:54:50,677 - INFO - Successfully processed: F:\Marketing\Tools\obj\Release\net8.0\PubTmp\Out\Tools.runtimeconfig.json
2026-01-14 06:54:50,682 - INFO - Successfully processed: F:\Marketing\Tools\obj\Release\net8.0\PubTmp\Out\Tools.staticwebassets.endpoints.json
2026-01-14 06:54:50,694 - INFO - Successfully processed: F:\Marketing\Tools\Properties\launchSettings.json
2026-01-14 06:54:50,702 - INFO - Successfully processed: F:\Marketing\Tools\Properties\ServiceDependencies\redirect - Web Deploy\profile.arm.json
2026-01-14 06:54:50,718 - INFO - Successfully processed: F:\Marketing\WhatsAppSender\Program.cs
2026-01-14 06:54:50,718 - INFO - Successfully processed: F:\Marketing\WhatsAppSender\bin\Debug\net8.0\appsettings.json
2026-01-14 06:54:50,726 - INFO - Successfully processed: F:\Marketing\WhatsAppSender\bin\Debug\net8.0\WhatsAppSender.deps.json
2026-01-14 06:54:50,734 - INFO - Successfully processed: F:\Marketing\WhatsAppSender\bin\Debug\net8.0\WhatsAppSender.runtimeconfig.json
2026-01-14 06:54:50,734 - INFO - Successfully processed: F:\Marketing\WhatsAppSender\bin\Release\net8.0\win-x64\appsettings.json
2026-01-14 06:54:50,743 - INFO - Successfully processed: F:\Marketing\WhatsAppSender\bin\Release\net8.0\win-x64\WhatsAppSender.deps.json
2026-01-14 06:54:50,750 - INFO - Successfully processed: F:\Marketing\WhatsAppSender\bin\Release\net8.0\win-x64\WhatsAppSender.runtimeconfig.json
2026-01-14 06:54:50,768 - INFO - Successfully processed: F:\Marketing\WhatsAppSender\file\appsettings.json
2026-01-14 06:54:50,775 - INFO - Successfully processed: F:\Marketing\WhatsAppSender\file\WhatsAppSender.deps.json
2026-01-14 06:54:50,784 - INFO - Successfully processed: F:\Marketing\WhatsAppSender\obj\project.assets.json
2026-01-14 06:54:50,792 - INFO - Successfully processed: F:\Marketing\WhatsAppSender\obj\WhatsAppSender.csproj.nuget.dgspec.json
2026-01-14 06:54:50,792 - INFO - Successfully processed: F:\Marketing\WhatsAppSender\obj\Debug\net8.0\.NETCoreApp,Version=v8.0.AssemblyAttributes.cs
2026-01-14 06:54:50,800 - INFO - Successfully processed: F:\Marketing\WhatsAppSender\obj\Debug\net8.0\WhatsAppSender.AssemblyInfo.cs
2026-01-14 06:54:50,800 - INFO - Successfully processed: F:\Marketing\WhatsAppSender\obj\Debug\net8.0\WhatsAppSender.GlobalUsings.g.cs
2026-01-14 06:54:50,808 - INFO - Successfully processed: F:\Marketing\WhatsAppSender\obj\Debug\net8.0\WhatsAppSender.sourcelink.json
2026-01-14 06:54:50,809 - INFO - Successfully processed: F:\Marketing\WhatsAppSender\obj\Release\net8.0\.NETCoreApp,Version=v8.0.AssemblyAttributes.cs
2026-01-14 06:54:50,819 - INFO - Successfully processed: F:\Marketing\WhatsAppSender\obj\Release\net8.0\WhatsAppSender.AssemblyInfo.cs
2026-01-14 06:54:50,819 - INFO - Successfully processed: F:\Marketing\WhatsAppSender\obj\Release\net8.0\WhatsAppSender.GlobalUsings.g.cs
2026-01-14 06:54:50,819 - INFO - Successfully processed: F:\Marketing\WhatsAppSender\obj\Release\net8.0\win-x64\.NETCoreApp,Version=v8.0.AssemblyAttributes.cs
2026-01-14 06:54:50,833 - INFO - Successfully processed: F:\Marketing\WhatsAppSender\obj\Release\net8.0\win-x64\WhatsAppSender.AssemblyInfo.cs
2026-01-14 06:54:50,842 - INFO - Successfully processed: F:\Marketing\WhatsAppSender\obj\Release\net8.0\win-x64\WhatsAppSender.deps.json
2026-01-14 06:54:50,842 - INFO - Successfully processed: F:\Marketing\WhatsAppSender\obj\Release\net8.0\win-x64\WhatsAppSender.GlobalUsings.g.cs
2026-01-14 06:54:50,842 - INFO - Successfully processed: F:\Marketing\WhatsAppSender\obj\Release\net8.0\win-x64\WhatsAppSender.sourcelink.json
2026-01-14 06:54:50,857 - INFO - Successfully processed: F:\Marketing\WhatsAppSender\_prod_bundle\WhatsAppSender_20260104_102844\app\appsettings.json
2026-01-14 06:54:50,866 - INFO - Successfully processed: F:\Marketing\WhatsAppSender\_prod_bundle\WhatsAppSender_20260104_102844\app\credentials.json
2026-01-14 06:54:50,866 - INFO - Successfully processed: F:\Marketing\WhatsAppSender\_prod_bundle\WhatsAppSender_20260104_102844\app\file\appsettings.json
2026-01-14 06:54:50,875 - INFO - Successfully processed: F:\Marketing\WhatsAppSender\_prod_bundle\WhatsAppSender_20260104_105223\app\appsettings.json
2026-01-14 06:54:50,882 - INFO - Successfully processed: F:\Marketing\WhatsAppSender\_prod_bundle\WhatsAppSender_20260104_105223\app\credentials.json
2026-01-14 06:54:50,883 - INFO - Successfully processed: F:\Marketing\WhatsAppSender\_prod_bundle\WhatsAppSender_20260104_105223\app\file\appsettings.json
2026-01-14 06:54:50,891 - INFO - Successfully processed: F:\Marketing\WhatsAppSender\_prod_bundle\WhatsAppSender_20260104_112344\app\appsettings.json
2026-01-14 06:54:50,891 - INFO - Successfully processed: F:\Marketing\WhatsAppSender\_prod_bundle\WhatsAppSender_20260104_112344\app\credentials.json
2026-01-14 06:54:50,891 - INFO - Successfully processed: F:\Marketing\WhatsAppSender\_prod_bundle\WhatsAppSender_20260104_112344\app\file\appsettings.json
2026-01-14 06:54:50,899 - INFO - Successfully processed: F:\Marketing\WhatsAppSender\_prod_bundle\WhatsAppSender_20260107_082041\app\appsettings.json
2026-01-14 06:54:50,900 - INFO - Successfully processed: F:\Marketing\WhatsAppSender\_prod_bundle\WhatsAppSender_20260107_082041\app\credentials.json
2026-01-14 06:54:50,900 - INFO - Successfully processed: F:\Marketing\WhatsAppSender\_prod_bundle\WhatsAppSender_20260107_082041\app\file\appsettings.json
2026-01-14 06:54:50,900 - INFO - Successfully processed: F:\Marketing\WhatsAppSender\_prod_bundle\WhatsAppSender_20260113_213623\app\appsettings.json
2026-01-14 06:54:50,900 - INFO - Successfully processed: F:\Marketing\WhatsAppSender\_prod_bundle\WhatsAppSender_20260113_213623\app\file\appsettings.json
2026-01-14 06:54:50,900 - INFO - Successfully processed: F:\Marketing\WhatsAppSender\_publish_prod\appsettings.json
2026-01-14 06:54:50,900 - INFO - Successfully merged files to: F:\Marketing\architecture_review_code.cs
